
SQL*Loader: Release 19.0.0.0.0 - Production on Thu May 28 19:36:31 2026
Version 19.3.0.0.0

Copyright (c) 1982, 2019, Oracle and/or its affiliates.  All rights reserved.

Control File:   C:\Users\aksha\Downloads\master_order_inventory1.txt
Data File:      C:\Users\Aksha\Downloads\master_order_inventory.csv
  Bad File:     C:\Users\aksha\Downloads\master_order_inventory.bad
  Discard File:  none specified
 
 (Allow all discards)

Number to load: ALL
Number to skip: 0
Errors allowed: 50
Bind array:     250 rows, maximum of 1048576 bytes
Continuation:    none specified
Path used:      Conventional

Table MASTER_ORDER_INVENTORY, loaded from every logical record.
Insert option in effect for this table: INSERT
TRAILING NULLCOLS option in effect

   Column Name                  Position   Len  Term Encl Datatype
------------------------------ ---------- ----- ---- ---- ---------------------
ORDER_ID                            FIRST     *   ,  O(") CHARACTER            
ORDER_DATE                           NEXT     *   ,  O(") CHARACTER            
STATUS                               NEXT     *   ,  O(") CHARACTER            
CUSTOMER_NAME                        NEXT     *   ,  O(") CHARACTER            
CUSTOMER_EMAIL                       NEXT     *   ,  O(") CHARACTER            
PRODUCT_NAME                         NEXT     *   ,  O(") CHARACTER            
CATEGORY_NAME                        NEXT     *   ,  O(") CHARACTER            
SUPPLIER_NAME                        NEXT     *   ,  O(") CHARACTER            
QUANTITY                             NEXT     *   ,  O(") CHARACTER            
UNIT_PRICE                           NEXT     *   ,  O(") CHARACTER            
LINE_TOTAL                           NEXT     *   ,  O(") CHARACTER            
PAYMENT_AMOUNT                       NEXT     *   ,  O(") CHARACTER            
PAYMENT_METHOD                       NEXT     *   ,  O(") CHARACTER            
SHIPPED_DATE                         NEXT     *   ,  O(") CHARACTER            
TRACKING_NUMBER                      NEXT     *   ,  O(") CHARACTER            
RETURN_REASON                        NEXT     *   ,  O(") CHARACTER            
RETURN_DATE                          NEXT     *   ,  O(") CHARACTER            
WAREHOUSE_NAME                       NEXT     *   ,  O(") CHARACTER            
WAREHOUSE_LOCATION                   NEXT     *   ,  O(") CHARACTER            
STOCK_LEVEL                          NEXT     *   ,  O(") CHARACTER            

value used for ROWS parameter changed from 250 to 203

Table MASTER_ORDER_INVENTORY:
  13679 Rows successfully loaded.
  0 Rows not loaded due to data errors.
  0 Rows not loaded because all WHEN clauses were failed.
  0 Rows not loaded because all fields were null.


Space allocated for bind array:                1047480 bytes(203 rows)
Read   buffer bytes: 1048576

Total logical records skipped:          0
Total logical records read:         13679
Total logical records rejected:         0
Total logical records discarded:        0

Run began on Thu May 28 19:36:31 2026
Run ended on Thu May 28 19:36:32 2026

Elapsed time was:     00:00:00.63
CPU time was:         00:00:00.07
